Sun Aug 20 2017 10:32:51 GMT-0300 (E. South America Standard Time): GET /
Sun Aug 20 2017 10:43:17 GMT-0300 (E. South America Standard Time): GET /
Sun Aug 20 2017 11:07:02 GMT-0300 (E. South America Standard Time): GET /
Sun Aug 20 2017 11:07:07 GMT-0300 (E. South America Standard Time): GET /gdfg
Sun Aug 20 2017 11:08:00 GMT-0300 (E. South America Standard Time): GET /gdfg
Sun Aug 20 2017 11:08:06 GMT-0300 (E. South America Standard Time): GET /gdfg
Sun Aug 20 2017 11:08:36 GMT-0300 (E. South America Standard Time): GET /gdfg
Sun Aug 20 2017 11:08:38 GMT-0300 (E. South America Standard Time): GET /gdfg
Sun Aug 20 2017 11:09:06 GMT-0300 (E. South America Standard Time): GET /gdfg
Sun Aug 20 2017 11:09:07 GMT-0300 (E. South America Standard Time): GET /gdfg
Sun Aug 20 2017 11:09:09 GMT-0300 (E. South America Standard Time): GET /gdfg
Sun Aug 20 2017 11:10:18 GMT-0300 (E. South America Standard Time): GET /gdfg
Sun Aug 20 2017 11:11:02 GMT-0300 (E. South America Standard Time): GET /gdfg
Sun Aug 20 2017 11:11:03 GMT-0300 (E. South America Standard Time): GET /gdfg
Sun Aug 20 2017 11:11:06 GMT-0300 (E. South America Standard Time): GET /gdfg
Sun Aug 20 2017 11:11:10 GMT-0300 (E. South America Standard Time): GET /
Sun Aug 20 2017 11:11:12 GMT-0300 (E. South America Standard Time): GET /
Sun Aug 20 2017 11:11:29 GMT-0300 (E. South America Standard Time): GET /
Sun Aug 20 2017 11:11:33 GMT-0300 (E. South America Standard Time): GET /gfgrdfg
Sun Aug 20 2017 11:11:48 GMT-0300 (E. South America Standard Time): GET /gfgrdfg
Sun Aug 20 2017 11:14:07 GMT-0300 (E. South America Standard Time): GET /gfgrdfg
Sun Aug 20 2017 12:54:28 GMT-0300 (E. South America Standard Time): GET /
Sun Aug 20 2017 12:54:31 GMT-0300 (E. South America Standard Time): GET /projects
Sun Aug 20 2017 12:54:53 GMT-0300 (E. South America Standard Time): GET /projects
Sun Aug 20 2017 12:54:56 GMT-0300 (E. South America Standard Time): GET /projects
Sun Aug 20 2017 12:55:14 GMT-0300 (E. South America Standard Time): GET /projects
Sun Aug 20 2017 15:35:13 GMT-0300 (E. South America Standard Time): GET /
Sun Aug 20 2017 15:35:15 GMT-0300 (E. South America Standard Time): GET /
Sun Aug 20 2017 15:35:17 GMT-0300 (E. South America Standard Time): GET /about
Sun Aug 20 2017 15:35:18 GMT-0300 (E. South America Standard Time): GET /projects
